0 info it worked if it ends with ok
1 verbose cli [ 'C:\\Program Files\\nodejs\\node.exe',
1 verbose cli   'C:\\Program Files\\nodejs\\node_modules\\npm\\bin\\npm-cli.js',
1 verbose cli   'run',
1 verbose cli   'dev' ]
2 info using npm@3.10.6
3 info using node@v4.2.2
4 verbose run-script [ 'predev', 'dev', 'postdev' ]
5 info lifecycle first-sample@1.0.0~predev: first-sample@1.0.0
6 silly lifecycle first-sample@1.0.0~predev: no script for predev, continuing
7 info lifecycle first-sample@1.0.0~dev: first-sample@1.0.0
8 verbose lifecycle first-sample@1.0.0~dev: unsafe-perm in lifecycle true
9 verbose lifecycle first-sample@1.0.0~dev: PATH: C:\Users\user\AppData\Roaming\nvm\v4.2.2\node_modules\npm\bin\node-gyp-bin;C:\Users\user\Deleav\react\first-sample\node_modules\.bin;C:\Program Files\WinRAR;C:\Program Files (x86)\Google\Chrome\Application;C:\ProgramData\Oracle\Java\javapath;C:\Program Files (x86)\Intel\iCLS Client\;C:\Program Files\Intel\iCLS Client\;C:\Windows\system32;C:\Windows;C:\Windows\System32\Wbem;C:\Windows\System32\WindowsPowerShell\v1.0\;C:\Program Files (x86)\Intel\Intel(R) Management Engine Components\DAL;C:\Program Files\Intel\Intel(R) Management Engine Components\DAL;C:\Program Files (x86)\Intel\Intel(R) Management Engine Components\IPT;C:\Program Files\Intel\Intel(R) Management Engine Components\IPT;C:\Program Files (x86)\Windows Kits\8.1\Windows Performance Toolkit\;C:\Program Files\Microsoft SQL Server\110\Tools\Binn\;C:\Program Files (x86)\Skype\Phone\;C:\ProgramData\chocolatey\bin;C:\Users\user\AppData\Roaming\nvm;C:\Program Files\nodejs;C:\tools\python2;C:\shell.w32-ix86;C:\Users\user\AppData\Local\Android\Sdk;C:\Users\user\AppData\Local\Android\Sdk\platform-tools;C:\Users\user\AppData\Local\atom\bin;C:\ProgramData\chocolatey;C:\Users\user\AppData\Roa;C:\Users\user\AppData\Roaming\nvm;C:\Program Files\nodejs;C:\Program Files\Git\bin;C:\Users\user\AppData\Local\atom\bin;C:\ProgramData\chocolatey;C:\Users\user\AppData\Roaming\nvm;C:\Program Files\nodejs;C:\Program Files (x86)\Microsoft VS Code\bin
10 verbose lifecycle first-sample@1.0.0~dev: CWD: C:\Users\user\Deleav\react\first-sample
11 silly lifecycle first-sample@1.0.0~dev: Args: [ '/d /s /c', 'node server.js' ]
12 silly lifecycle first-sample@1.0.0~dev: Returned: code: 1  signal: null
13 info lifecycle first-sample@1.0.0~dev: Failed to exec dev script
14 verbose stack Error: first-sample@1.0.0 dev: `node server.js`
14 verbose stack Exit status 1
14 verbose stack     at EventEmitter.<anonymous> (C:\Users\user\AppData\Roaming\nvm\v4.2.2\node_modules\npm\lib\utils\lifecycle.js:255:16)
14 verbose stack     at emitTwo (events.js:87:13)
14 verbose stack     at EventEmitter.emit (events.js:172:7)
14 verbose stack     at ChildProcess.<anonymous> (C:\Users\user\AppData\Roaming\nvm\v4.2.2\node_modules\npm\lib\utils\spawn.js:40:14)
14 verbose stack     at emitTwo (events.js:87:13)
14 verbose stack     at ChildProcess.emit (events.js:172:7)
14 verbose stack     at maybeClose (internal/child_process.js:818:16)
14 verbose stack     at Process.ChildProcess._handle.onexit (internal/child_process.js:211:5)
15 verbose pkgid first-sample@1.0.0
16 verbose cwd C:\Users\user\Deleav\react\first-sample
17 error Windows_NT 6.1.7601
18 error argv "C:\\Program Files\\nodejs\\node.exe" "C:\\Program Files\\nodejs\\node_modules\\npm\\bin\\npm-cli.js" "run" "dev"
19 error node v4.2.2
20 error npm  v3.10.6
21 error code ELIFECYCLE
22 error first-sample@1.0.0 dev: `node server.js`
22 error Exit status 1
23 error Failed at the first-sample@1.0.0 dev script 'node server.js'.
23 error Make sure you have the latest version of node.js and npm installed.
23 error If you do, this is most likely a problem with the first-sample package,
23 error not with npm itself.
23 error Tell the author that this fails on your system:
23 error     node server.js
23 error You can get information on how to open an issue for this project with:
23 error     npm bugs first-sample
23 error Or if that isn't available, you can get their info via:
23 error     npm owner ls first-sample
23 error There is likely additional logging output above.
24 verbose exit [ 1, true ]
